INFO     planner time limit: None
INFO     planner memory limit: None

INFO     Running translator.
INFO     translator stdin: None
INFO     translator time limit: None
INFO     translator memory limit: None
INFO     translator command line string: /opt/anaconda3/bin/python3 /Users/qinxinyue/Desktop/5106/downward/builds/release/bin/translate/translate.py d_delivery.pddl p2.pddl --sas-file output.sas
Parsing...
Parsing: [0.000s CPU, 0.001s wall-clock]
Normalizing task... [0.000s CPU, 0.000s wall-clock]
Instantiating...
Generating Datalog program... [0.000s CPU, 0.000s wall-clock]
Normalizing Datalog program...
Normalizing Datalog program: [0.000s CPU, 0.000s wall-clock]
Preparing model... [0.000s CPU, 0.000s wall-clock]
Generated 20 rules.
Computing model... [0.000s CPU, 0.000s wall-clock]
41 relevant atoms
32 auxiliary atoms
73 final queue length
75 total queue pushes
Completing instantiation... [0.000s CPU, 0.000s wall-clock]
Instantiating: [0.000s CPU, 0.001s wall-clock]
Computing fact groups...
Finding invariants...
11 initial candidates
Finding invariants: [0.000s CPU, 0.000s wall-clock]
Checking invariant weight... [0.000s CPU, 0.000s wall-clock]
Instantiating groups... [0.000s CPU, 0.000s wall-clock]
Collecting mutex groups... [0.000s CPU, 0.000s wall-clock]
Choosing groups...
2 uncovered facts
Choosing groups: [0.000s CPU, 0.000s wall-clock]
Building translation key... [0.000s CPU, 0.000s wall-clock]
Computing fact groups: [0.000s CPU, 0.000s wall-clock]
Building STRIPS to SAS dictionary... [0.000s CPU, 0.000s wall-clock]
Building dictionary for full mutex groups... [0.000s CPU, 0.000s wall-clock]
Building mutex information...
Building mutex information: [0.000s CPU, 0.000s wall-clock]
Translating task...
Processing axioms...
Simplifying axioms... [0.000s CPU, 0.000s wall-clock]
Translator axioms removed by simplifying: 0
Processing axioms: [0.000s CPU, 0.000s wall-clock]
Translating task: [0.000s CPU, 0.000s wall-clock]
0 effect conditions simplified
0 implied preconditions added
Detecting unreachable propositions...
0 operators removed
0 axioms removed
3 propositions removed
Detecting unreachable propositions: [0.000s CPU, 0.000s wall-clock]
Reordering and filtering variables...
5 of 5 variables necessary.
0 of 3 mutex groups necessary.
7 of 7 operators necessary.
0 of 0 axiom rules necessary.
Reordering and filtering variables: [0.000s CPU, 0.000s wall-clock]
Translator variables: 5
Translator derived variables: 0
Translator facts: 12
Translator goal facts: 2
Translator mutex groups: 0
Translator total mutex groups size: 0
Translator operators: 7
Translator axioms: 0
Translator task size: 47
warning: could not determine peak memory
Writing output... [0.000s CPU, 0.000s wall-clock]
Done! [0.000s CPU, 0.002s wall-clock]
translate exit code: 0

INFO     Running search (release).
INFO     search stdin: output.sas
INFO     search time limit: None
INFO     search memory limit: None
INFO     search command line string: /Users/qinxinyue/Desktop/5106/downward/builds/release/bin/downward --search 'astar(lmcut())' --internal-plan-file sas_plan < output.sas
[t=0.000255s, 410597248 KB] reading input...
[t=0.000356s, 410597248 KB] done reading input!
[t=0.000805s, 410597248 KB] Initializing landmark cut heuristic...
[t=0.000816s, 410597248 KB] Building successor generator...done!
[t=0.000826s, 410597248 KB] peak memory difference for successor generator creation: 0 KB
[t=0.000829s, 410597248 KB] time for successor generation creation: 0.000004s
[t=0.000833s, 410597248 KB] Variables: 5
[t=0.000836s, 410597248 KB] FactPairs: 12
[t=0.000838s, 410597248 KB] Bytes per state: 4
[t=0.000849s, 410597248 KB] Conducting best first search with reopening closed nodes, (real) bound = 2147483647
[t=0.000860s, 410597248 KB] New best heuristic value for lmcut: 6
[t=0.000863s, 410597248 KB] g=0, 1 evaluated, 0 expanded
[t=0.000866s, 410597248 KB] f = 6, 1 evaluated, 0 expanded
[t=0.000870s, 410597248 KB] Initial heuristic value for lmcut: 6
[t=0.000873s, 410597248 KB] pruning method: none
[t=0.000881s, 410597248 KB] New best heuristic value for lmcut: 5
[t=0.000893s, 410597248 KB] g=1, 3 evaluated, 1 expanded
[t=0.000900s, 410597248 KB] New best heuristic value for lmcut: 4
[t=0.000902s, 410597248 KB] g=2, 6 evaluated, 2 expanded
[t=0.000909s, 410597248 KB] New best heuristic value for lmcut: 3
[t=0.000912s, 410597248 KB] g=3, 10 evaluated, 3 expanded
[t=0.000915s, 410597248 KB] New best heuristic value for lmcut: 2
[t=0.000918s, 410597248 KB] g=4, 11 evaluated, 4 expanded
[t=0.000922s, 410597248 KB] New best heuristic value for lmcut: 1
[t=0.000924s, 410597248 KB] g=5, 13 evaluated, 5 expanded
[t=0.000927s, 410597248 KB] New best heuristic value for lmcut: 0
[t=0.000929s, 410597248 KB] g=6, 14 evaluated, 6 expanded
[t=0.000932s, 410597248 KB] Solution found!
[t=0.000934s, 410597248 KB] Actual search time: 0.000059s
pick-up robot2 pkgb loc1 (1)
drop-off robot2 pkgb loc1 (1)
pick-up robot2 pkga loc1 (1)
move robot2 loc1 loc2 (1)
move robot2 loc2 loc3 (1)
drop-off robot2 pkga loc3 (1)
[t=0.000937s, 410597248 KB] Plan length: 6 step(s).
[t=0.000937s, 410597248 KB] Plan cost: 6
[t=0.000937s, 410597248 KB] Expanded 7 state(s).
[t=0.000937s, 410597248 KB] Reopened 0 state(s).
[t=0.000937s, 410597248 KB] Evaluated 14 state(s).
[t=0.000937s, 410597248 KB] Evaluations: 14
[t=0.000937s, 410597248 KB] Generated 13 state(s).
[t=0.000937s, 410597248 KB] Dead ends: 3 state(s).
[t=0.000937s, 410597248 KB] Expanded until last jump: 0 state(s).
[t=0.000937s, 410597248 KB] Reopened until last jump: 0 state(s).
[t=0.000937s, 410597248 KB] Evaluated until last jump: 1 state(s).
[t=0.000937s, 410597248 KB] Generated until last jump: 0 state(s).
[t=0.000937s, 410597248 KB] Number of registered states: 14
[t=0.000937s, 410597248 KB] Int hash set load factor: 14/16 = 0.875000
[t=0.000937s, 410597248 KB] Int hash set resizes: 4
[t=0.000937s, 410597248 KB] Search time: 0.000088s
[t=0.000937s, 410597248 KB] Total time: 0.000937s
Solution found.
Peak memory: 410597248 KB
Remove intermediate file output.sas
search exit code: 0

INFO     Planner time: 0.05s
