INFO     planner time limit: None
INFO     planner memory limit: None

INFO     Running translator.
INFO     translator stdin: None
INFO     translator time limit: None
INFO     translator memory limit: None
INFO     translator command line string: /opt/anaconda3/bin/python3 /Users/qinxinyue/Desktop/5106/downward/builds/release/bin/translate/translate.py d_delivery.pddl p4.pddl --sas-file output.sas
Parsing...
Parsing: [0.000s CPU, 0.001s wall-clock]
Normalizing task... [0.000s CPU, 0.000s wall-clock]
Instantiating...
Generating Datalog program... [0.000s CPU, 0.000s wall-clock]
Normalizing Datalog program...
Normalizing Datalog program: [0.000s CPU, 0.000s wall-clock]
Preparing model... [0.000s CPU, 0.000s wall-clock]
Generated 20 rules.
Computing model... [0.000s CPU, 0.000s wall-clock]
54 relevant atoms
44 auxiliary atoms
98 final queue length
104 total queue pushes
Completing instantiation... [0.000s CPU, 0.000s wall-clock]
Instantiating: [0.000s CPU, 0.001s wall-clock]
Computing fact groups...
Finding invariants...
11 initial candidates
Finding invariants: [0.000s CPU, 0.000s wall-clock]
Checking invariant weight... [0.000s CPU, 0.000s wall-clock]
Instantiating groups... [0.000s CPU, 0.000s wall-clock]
Collecting mutex groups... [0.000s CPU, 0.000s wall-clock]
Choosing groups...
2 uncovered facts
Choosing groups: [0.000s CPU, 0.000s wall-clock]
Building translation key... [0.000s CPU, 0.000s wall-clock]
Computing fact groups: [0.000s CPU, 0.000s wall-clock]
Building STRIPS to SAS dictionary... [0.000s CPU, 0.000s wall-clock]
Building dictionary for full mutex groups... [0.000s CPU, 0.000s wall-clock]
Building mutex information...
Building mutex information: [0.000s CPU, 0.000s wall-clock]
Translating task...
Processing axioms...
Simplifying axioms... [0.000s CPU, 0.000s wall-clock]
Translator axioms removed by simplifying: 0
Processing axioms: [0.000s CPU, 0.000s wall-clock]
Translating task: [0.000s CPU, 0.000s wall-clock]
0 effect conditions simplified
0 implied preconditions added
Detecting unreachable propositions...
0 operators removed
0 axioms removed
4 propositions removed
Detecting unreachable propositions: [0.000s CPU, 0.000s wall-clock]
Reordering and filtering variables...
6 of 6 variables necessary.
0 of 4 mutex groups necessary.
12 of 12 operators necessary.
0 of 0 axiom rules necessary.
Reordering and filtering variables: [0.000s CPU, 0.000s wall-clock]
Translator variables: 6
Translator derived variables: 0
Translator facts: 16
Translator goal facts: 2
Translator mutex groups: 0
Translator total mutex groups size: 0
Translator operators: 12
Translator axioms: 0
Translator task size: 74
warning: could not determine peak memory
Writing output... [0.000s CPU, 0.000s wall-clock]
Done! [0.000s CPU, 0.003s wall-clock]
translate exit code: 0

INFO     Running search (release).
INFO     search stdin: output.sas
INFO     search time limit: None
INFO     search memory limit: None
INFO     search command line string: /Users/qinxinyue/Desktop/5106/downward/builds/release/bin/downward --search 'astar(lmcut())' --internal-plan-file sas_plan < output.sas
[t=0.000253s, 410597248 KB] reading input...
[t=0.000396s, 410597248 KB] done reading input!
[t=0.000843s, 410597248 KB] Initializing landmark cut heuristic...
[t=0.000854s, 410597248 KB] Building successor generator...done!
[t=0.000866s, 410597248 KB] peak memory difference for successor generator creation: 0 KB
[t=0.000870s, 410597248 KB] time for successor generation creation: 0.000004s
[t=0.000874s, 410597248 KB] Variables: 6
[t=0.000877s, 410597248 KB] FactPairs: 16
[t=0.000879s, 410597248 KB] Bytes per state: 4
[t=0.000888s, 410597248 KB] Conducting best first search with reopening closed nodes, (real) bound = 2147483647
[t=0.000899s, 410597248 KB] New best heuristic value for lmcut: 6
[t=0.000902s, 410597248 KB] g=0, 1 evaluated, 0 expanded
[t=0.000905s, 410597248 KB] f = 6, 1 evaluated, 0 expanded
[t=0.000910s, 410597248 KB] Initial heuristic value for lmcut: 6
[t=0.000913s, 410597248 KB] pruning method: none
[t=0.000921s, 410597248 KB] New best heuristic value for lmcut: 5
[t=0.000930s, 410597248 KB] g=1, 3 evaluated, 1 expanded
[t=0.000938s, 410597248 KB] New best heuristic value for lmcut: 4
[t=0.000940s, 410597248 KB] g=2, 6 evaluated, 2 expanded
[t=0.000946s, 410597248 KB] New best heuristic value for lmcut: 3
[t=0.000949s, 410597248 KB] g=3, 9 evaluated, 3 expanded
[t=0.000956s, 410597248 KB] New best heuristic value for lmcut: 2
[t=0.000958s, 410597248 KB] g=4, 14 evaluated, 4 expanded
[t=0.000963s, 410597248 KB] New best heuristic value for lmcut: 1
[t=0.000965s, 410597248 KB] g=5, 16 evaluated, 5 expanded
[t=0.000970s, 410597248 KB] New best heuristic value for lmcut: 0
[t=0.000972s, 410597248 KB] g=6, 18 evaluated, 6 expanded
[t=0.000976s, 410597248 KB] Solution found!
[t=0.000978s, 410597248 KB] Actual search time: 0.000064s
pick-up courier2 normalpkg station (1)
move courier2 station client (1)
drop-off courier2 normalpkg client (1)
pick-up courier1 urgentpkg warehouse (1)
move courier1 warehouse client (1)
drop-off courier1 urgentpkg client (1)
[t=0.000980s, 410597248 KB] Plan length: 6 step(s).
[t=0.000980s, 410597248 KB] Plan cost: 6
[t=0.000980s, 410597248 KB] Expanded 7 state(s).
[t=0.000980s, 410597248 KB] Reopened 0 state(s).
[t=0.000980s, 410597248 KB] Evaluated 19 state(s).
[t=0.000980s, 410597248 KB] Evaluations: 19
[t=0.000980s, 410597248 KB] Generated 18 state(s).
[t=0.000980s, 410597248 KB] Dead ends: 5 state(s).
[t=0.000980s, 410597248 KB] Expanded until last jump: 0 state(s).
[t=0.000980s, 410597248 KB] Reopened until last jump: 0 state(s).
[t=0.000980s, 410597248 KB] Evaluated until last jump: 1 state(s).
[t=0.000980s, 410597248 KB] Generated until last jump: 0 state(s).
[t=0.000980s, 410597248 KB] Number of registered states: 19
[t=0.000980s, 410597248 KB] Int hash set load factor: 19/32 = 0.593750
[t=0.000980s, 410597248 KB] Int hash set resizes: 5
[t=0.000980s, 410597248 KB] Search time: 0.000093s
[t=0.000980s, 410597248 KB] Total time: 0.000980s
Solution found.
Peak memory: 410597248 KB
Remove intermediate file output.sas
search exit code: 0

INFO     Planner time: 0.05s
