INFO     planner time limit: None
INFO     planner memory limit: None

INFO     Running translator.
INFO     translator stdin: None
INFO     translator time limit: None
INFO     translator memory limit: None
INFO     translator command line string: /opt/anaconda3/bin/python3 /Users/qinxinyue/Desktop/5106/downward/builds/release/bin/translate/translate.py d_blocksworld.pddl p4_ini.pddl --sas-file output.sas
Parsing...
Parsing: [0.000s CPU, 0.001s wall-clock]
Normalizing task... [0.000s CPU, 0.000s wall-clock]
Instantiating...
Generating Datalog program... [0.000s CPU, 0.000s wall-clock]
Normalizing Datalog program...
Normalizing Datalog program: [0.000s CPU, 0.000s wall-clock]
Preparing model... [0.000s CPU, 0.000s wall-clock]
Generated 21 rules.
Computing model... [0.000s CPU, 0.000s wall-clock]
82 relevant atoms
52 auxiliary atoms
134 final queue length
210 total queue pushes
Completing instantiation... [0.000s CPU, 0.001s wall-clock]
Instantiating: [0.000s CPU, 0.002s wall-clock]
Computing fact groups...
Finding invariants...
10 initial candidates
Finding invariants: [0.000s CPU, 0.001s wall-clock]
Checking invariant weight... [0.000s CPU, 0.000s wall-clock]
Instantiating groups... [0.000s CPU, 0.000s wall-clock]
Collecting mutex groups... [0.000s CPU, 0.000s wall-clock]
Choosing groups...
5 uncovered facts
Choosing groups: [0.000s CPU, 0.000s wall-clock]
Building translation key... [0.000s CPU, 0.000s wall-clock]
Computing fact groups: [0.000s CPU, 0.001s wall-clock]
Building STRIPS to SAS dictionary... [0.000s CPU, 0.000s wall-clock]
Building dictionary for full mutex groups... [0.000s CPU, 0.000s wall-clock]
Building mutex information...
Building mutex information: [0.000s CPU, 0.000s wall-clock]
Translating task...
Processing axioms...
Simplifying axioms... [0.000s CPU, 0.000s wall-clock]
Translator axioms removed by simplifying: 0
Processing axioms: [0.000s CPU, 0.000s wall-clock]
Translating task: [0.000s CPU, 0.000s wall-clock]
44 effect conditions simplified
0 implied preconditions added
Detecting unreachable propositions...
0 operators removed
0 axioms removed
8 propositions removed
Detecting unreachable propositions: [0.000s CPU, 0.000s wall-clock]
Reordering and filtering variables...
9 of 9 variables necessary.
5 of 9 mutex groups necessary.
32 of 32 operators necessary.
0 of 0 axiom rules necessary.
Reordering and filtering variables: [0.000s CPU, 0.000s wall-clock]
Translator variables: 9
Translator derived variables: 0
Translator facts: 30
Translator goal facts: 2
Translator mutex groups: 5
Translator total mutex groups size: 25
Translator operators: 32
Translator axioms: 0
Translator task size: 294
warning: could not determine peak memory
Writing output... [0.000s CPU, 0.000s wall-clock]
Done! [0.000s CPU, 0.004s wall-clock]
translate exit code: 0

INFO     Running search (release).
INFO     search stdin: output.sas
INFO     search time limit: None
INFO     search memory limit: None
INFO     search command line string: /Users/qinxinyue/Desktop/5106/downward/builds/release/bin/downward --search 'astar(lmcut())' --internal-plan-file sas_plan < output.sas
[t=0.000374s, 410597248 KB] reading input...
[t=0.000773s, 410597248 KB] done reading input!
[t=0.001259s, 410597248 KB] Initializing landmark cut heuristic...
[t=0.001273s, 410597248 KB] Building successor generator...done!
[t=0.001290s, 410597248 KB] peak memory difference for successor generator creation: 0 KB
[t=0.001293s, 410597248 KB] time for successor generation creation: 0.000009s
[t=0.001297s, 410597248 KB] Variables: 9
[t=0.001301s, 410597248 KB] FactPairs: 30
[t=0.001303s, 410597248 KB] Bytes per state: 4
[t=0.001311s, 410597248 KB] Conducting best first search with reopening closed nodes, (real) bound = 2147483647
[t=0.001324s, 410597248 KB] New best heuristic value for lmcut: 4
[t=0.001327s, 410597248 KB] g=0, 1 evaluated, 0 expanded
[t=0.001330s, 410597248 KB] f = 4, 1 evaluated, 0 expanded
[t=0.001334s, 410597248 KB] Initial heuristic value for lmcut: 4
[t=0.001337s, 410597248 KB] pruning method: none
[t=0.001355s, 410597248 KB] New best heuristic value for lmcut: 3
[t=0.001364s, 410597248 KB] g=1, 4 evaluated, 1 expanded
[t=0.001374s, 410597248 KB] New best heuristic value for lmcut: 2
[t=0.001377s, 410597248 KB] g=2, 6 evaluated, 2 expanded
[t=0.001393s, 410597248 KB] New best heuristic value for lmcut: 1
[t=0.001395s, 410597248 KB] g=3, 10 evaluated, 3 expanded
[t=0.001399s, 410597248 KB] New best heuristic value for lmcut: 0
[t=0.001402s, 410597248 KB] g=4, 11 evaluated, 4 expanded
[t=0.001407s, 410597248 KB] Solution found!
[t=0.001409s, 410597248 KB] Actual search time: 0.000071s
pickup a (1)
stack a b (1)
pickup c (1)
stack c d (1)
[t=0.001412s, 410597248 KB] Plan length: 4 step(s).
[t=0.001412s, 410597248 KB] Plan cost: 4
[t=0.001412s, 410597248 KB] Expanded 5 state(s).
[t=0.001412s, 410597248 KB] Reopened 0 state(s).
[t=0.001412s, 410597248 KB] Evaluated 12 state(s).
[t=0.001412s, 410597248 KB] Evaluations: 12
[t=0.001412s, 410597248 KB] Generated 14 state(s).
[t=0.001412s, 410597248 KB] Dead ends: 0 state(s).
[t=0.001412s, 410597248 KB] Expanded until last jump: 0 state(s).
[t=0.001412s, 410597248 KB] Reopened until last jump: 0 state(s).
[t=0.001412s, 410597248 KB] Evaluated until last jump: 1 state(s).
[t=0.001412s, 410597248 KB] Generated until last jump: 0 state(s).
[t=0.001412s, 410597248 KB] Number of registered states: 12
[t=0.001412s, 410597248 KB] Int hash set load factor: 12/16 = 0.750000
[t=0.001412s, 410597248 KB] Int hash set resizes: 4
[t=0.001412s, 410597248 KB] Search time: 0.000101s
[t=0.001412s, 410597248 KB] Total time: 0.001412s
Solution found.
Peak memory: 410597248 KB
Remove intermediate file output.sas
search exit code: 0

INFO     Planner time: 0.07s
