INFO     planner time limit: None
INFO     planner memory limit: None

INFO     Running translator.
INFO     translator stdin: None
INFO     translator time limit: None
INFO     translator memory limit: None
INFO     translator command line string: /opt/anaconda3/bin/python3 /Users/qinxinyue/Desktop/5106/downward/builds/release/bin/translate/translate.py D_Devstral_blocks.pddl P_2_blocks.pddl --sas-file output.sas
Parsing...
Parsing domain
Expected a non-empty block starting with any of the following words: :requirements, :types, :constants, :predicates, :functions, :derived, :action
Got: (action pickup :parameters (?x - block) :precondition (and (on-table ?x) (clear ?x) (arm-empty)) :effect (and (not (on-table ?x)) (not (clear ?x)) (holding ?x)))
translate exit code: 31

Driver aborting after translate
INFO     Planner time: 0.05s


以下为对于p2 fastdownwards 生成 log的个人解析：
这个错误表明 Fast Downward 在解析您的 PDDL 领域文件时遇到了语法问题。具体来说，解析器期望一个以 :requirements、:types 等关键字开头的代码块，但直接遇到了 (action pickup ...) 的定义。以下是详细分析和解决方案：

错误原因
缺少领域定义头部
PDDL 领域文件必须 以 (define (domain ...) 开头，并包含至少一个声明（如 :requirements）。
您的文件可能直接以动作定义开头，缺少了必要的结构。

括号不匹配
可能是前一个代码块的括号未正确闭合，导致解析器将动作定义误认为是全局声明。